<?xml version="1.0" encoding="UTF-8"?>
<testng-results skipped="0" failed="0" ignored="0" total="2" passed="2">
  <reporter-output>
  </reporter-output>
  <suite name="Suite" duration-ms="34736" started-at="2019-08-11T11:07:02Z" finished-at="2019-08-11T11:07:37Z">
    <groups>
    </groups>
    <test name="Test" duration-ms="34736" started-at="2019-08-11T11:07:02Z" finished-at="2019-08-11T11:07:37Z">
      <class name="com.leaftaps.leads.testcases.TC001_Login">
        <test-method status="PASS" signature="setData()[pri:0, instance:com.leaftaps.leads.testcases.TC001_Login@18067a5]" name="setData" is-config="true" duration-ms="36" started-at="2019-08-11T11:07:02Z" finished-at="2019-08-11T11:07:02Z">
          <reporter-output>
          </reporter-output>
        </test-method> <!-- setData -->
        <test-method status="PASS" signature="login()[pri:0, instance:com.leaftaps.leads.testcases.TC001_Login@18067a5]" name="login" is-config="true" duration-ms="22180" started-at="2019-08-11T11:07:05Z" finished-at="2019-08-11T11:07:27Z">
          <reporter-output>
          </reporter-output>
        </test-method> <!-- login -->
        <test-method status="PASS" signature="runLogin(java.lang.String, java.lang.String)[pri:0, instance:com.leaftaps.leads.testcases.TC001_Login@18067a5]" name="runLogin" duration-ms="1605" started-at="2019-08-11T11:07:27Z" data-provider="fetchData" finished-at="2019-08-11T11:07:29Z">
          <params>
            <param index="0">
              <value>
                <![CDATA[Demosalesmanager]]>
              </value>
            </param>
            <param index="1">
              <value>
                <![CDATA[crmsfa]]>
              </value>
            </param>
          </params>
          <reporter-output>
          </reporter-output>
        </test-method> <!-- runLogin -->
        <test-method status="PASS" signature="closeBrowser()[pri:0, instance:com.leaftaps.leads.testcases.TC001_Login@18067a5]" name="closeBrowser" is-config="true" duration-ms="316" started-at="2019-08-11T11:07:29Z" finished-at="2019-08-11T11:07:29Z">
          <reporter-output>
          </reporter-output>
        </test-method> <!-- closeBrowser -->
        <test-method status="PASS" signature="login()[pri:0, instance:com.leaftaps.leads.testcases.TC001_Login@18067a5]" name="login" is-config="true" duration-ms="5894" started-at="2019-08-11T11:07:29Z" finished-at="2019-08-11T11:07:35Z">
          <reporter-output>
          </reporter-output>
        </test-method> <!-- login -->
        <test-method status="PASS" signature="runLogin(java.lang.String, java.lang.String)[pri:0, instance:com.leaftaps.leads.testcases.TC001_Login@18067a5]" name="runLogin" duration-ms="1363" started-at="2019-08-11T11:07:35Z" data-provider="fetchData" finished-at="2019-08-11T11:07:37Z">
          <params>
            <param index="0">
              <value>
                <![CDATA[DemoCSR]]>
              </value>
            </param>
            <param index="1">
              <value>
                <![CDATA[crmsfa]]>
              </value>
            </param>
          </params>
          <reporter-output>
          </reporter-output>
        </test-method> <!-- runLogin -->
        <test-method status="PASS" signature="closeBrowser()[pri:0, instance:com.leaftaps.leads.testcases.TC001_Login@18067a5]" name="closeBrowser" is-config="true" duration-ms="455" started-at="2019-08-11T11:07:37Z" finished-at="2019-08-11T11:07:37Z">
          <reporter-output>
          </reporter-output>
        </test-method> <!-- closeBrowser -->
      </class> <!-- com.leaftaps.leads.testcases.TC001_Login -->
    </test> <!-- Test -->
  </suite> <!-- Suite -->
</testng-results>
